<?xml version="1.0" encoding="UTF-8"?>
<!-- Generated by org.testng.reporters.JUnitReportReporter -->
<testsuite hostname="DESKTOP-NUBQUC6" failures="0" tests="1" name="jsonproject.RCB" time="1.381" errors="0" timestamp="2022-08-21T19:01:02 IST" skipped="0">
  <testcase classname="jsonproject.RCB" name="RCBparcing" time="1.381"/>
  <system-out/>
</testsuite> <!-- jsonproject.RCB -->
